{
  "RSpec": {
    "coverage": {
      "/Users/michael.ginalick/restaurant_app/app/helpers/application_helper.rb": [
        1,
        null
      ],
      "/Users/michael.ginalick/restaurant_app/app/models/api_key.rb": [
        null,
        null,
        null,
        null,
        null,
        null,
        null,
        null,
        null,
        null,
        1,
        null,
        1,
        null,
        1,
        null,
        1,
        6,
        null,
        null,
        null
      ],
      "/Users/michael.ginalick/restaurant_app/app/models/application_record.rb": [
        1,
        1,
        null
      ],
      "/Users/michael.ginalick/restaurant_app/app/models/menu_item.rb": [
        1,
        null,
        null,
        null,
        null,
        null,
        null,
        null,
        null,
        null,
        null,
        null,
        null,
        null,
        1,
        1,
        null,
        1,
        1,
        null,
        1,
        0,
        null,
        null,
        1,
        1,
        5,
        5,
        null,
        5,
        1,
        1,
        null,
        4,
        4,
        null,
        5,
        null,
        null,
        null
      ],
      "/Users/michael.ginalick/restaurant_app/app/models/restaurant.rb": [
        1,
        null,
        null,
        null,
        null,
        null,
        null,
        null,
        null,
        null,
        null,
        null,
        null,
        null,
        null,
        1,
        1,
        1,
        null,
        null,
        1,
        1,
        5,
        null,
        5,
        1,
        1,
        null,
        4,
        4,
        null,
        5,
        null,
        null,
        null
      ],
      "/Users/michael.ginalick/restaurant_app/app/controllers/api/v1/restaurants_controller.rb": [
        1,
        null,
        1,
        null,
        1,
        null,
        1,
        1,
        1,
        null,
        1,
        1,
        null,
        1,
        2,
        null,
        null,
        null,
        1,
        1,
        1,
        1,
        null,
        1,
        1,
        1,
        1,
        null,
        1,
        3,
        2,
        2,
        null,
        1,
        null,
        null,
        null,
        1,
        null,
        1,
        5,
        null,
        null,
        null,
        1,
        4,
        4,
        4,
        4,
        null,
        null,
        null,
        null,
        null
      ],
      "/Users/michael.ginalick/restaurant_app/app/controllers/api/v1/api_controller.rb": [
        null,
        1,
        null,
        1,
        null,
        1,
        null,
        1,
        null,
        1,
        0,
        null,
        null,
        1,
        0,
        null,
        null,
        1,
        null,
        1,
        2,
        7,
        null,
        null,
        null,
        null,
        null,
        null,
        null
      ],
      "/Users/michael.ginalick/restaurant_app/app/controllers/application_controller.rb": [
        1,
        1,
        null
      ],
      "/Users/michael.ginalick/restaurant_app/app/models/tag.rb": [
        1,
        null,
        1,
        null,
        null
      ]
    },
    "timestamp": 1484901952
  }
}
